[2023-05-25 09:43:00.179 INFO  background-preinit] [org.hibernate.validator.internal.util.Version] HV000001: Hibernate Validator 8.0.0.Final
[2023-05-25 09:43:00.212 INFO  restartedMain] [com.green.board7.Board7Application] Starting Board7Application using Java 17.0.7 with PID 6780 (D:\spring\board7\target\classes started by Administrator in D:\spring\board7)
[2023-05-25 09:43:00.213 INFO  restartedMain] [com.green.board7.Board7Application] No active profile set, falling back to 1 default profile: "default"
[2023-05-25 09:43:00.244 INFO  restartedMain] [org.springframework.boot.devtools.env.DevToolsPropertyDefaultsPostProcessor] Devtools property defaults active! Set 'spring.devtools.add-properties' to 'false' to disable
[2023-05-25 09:43:00.244 INFO  restartedMain] [org.springframework.boot.devtools.env.DevToolsPropertyDefaultsPostProcessor] For additional web related logging consider setting the 'logging.level.web' property to 'DEBUG'
[2023-05-25 09:43:01.033 INFO  restartedMain] [org.springframework.boot.web.embedded.tomcat.TomcatWebServer] Tomcat initialized with port(s): 8080 (http)
[2023-05-25 09:43:01.041 INFO  restartedMain] [org.apache.coyote.http11.Http11NioProtocol] Initializing ProtocolHandler ["http-nio-8080"]
[2023-05-25 09:43:01.041 INFO  restartedMain] [org.apache.catalina.core.StandardService] Starting service [Tomcat]
[2023-05-25 09:43:01.041 INFO  restartedMain] [org.apache.catalina.core.StandardEngine] Starting Servlet engine: [Apache Tomcat/10.1.8]
[2023-05-25 09:43:01.082 INFO  restartedMain] [org.apache.catalina.core.ContainerBase.[Tomcat].[localhost].[/]] Initializing Spring embedded WebApplicationContext
[2023-05-25 09:43:01.082 INFO  restartedMain] [org.springframework.boot.web.servlet.context.ServletWebServerApplicationContext] Root WebApplicationContext: initialization completed in 837 ms
[2023-05-25 09:43:01.648 INFO  restartedMain] [org.springframework.boot.devtools.autoconfigure.OptionalLiveReloadServer] LiveReload server is running on port 35729
[2023-05-25 09:43:01.660 INFO  restartedMain] [org.apache.coyote.http11.Http11NioProtocol] Starting ProtocolHandler ["http-nio-8080"]
[2023-05-25 09:43:01.673 INFO  restartedMain] [org.springframework.boot.web.embedded.tomcat.TomcatWebServer] Tomcat started on port(s): 8080 (http) with context path ''
[2023-05-25 09:43:01.681 INFO  restartedMain] [com.green.board7.Board7Application] Started Board7Application in 1.866 seconds (process running for 2.353)
[2023-05-25 09:43:01.826 INFO  http-nio-8080-exec-1] [org.apache.catalina.core.ContainerBase.[Tomcat].[localhost].[/]] Initializing Spring DispatcherServlet 'dispatcherServlet'
[2023-05-25 09:43:01.826 INFO  http-nio-8080-exec-1] [org.springframework.web.servlet.DispatcherServlet] Initializing Servlet 'dispatcherServlet'
[2023-05-25 09:43:01.827 INFO  http-nio-8080-exec-1] [org.springframework.web.servlet.DispatcherServlet] Completed initialization in 1 ms
[2023-05-25 09:43:02.263 INFO  http-nio-8080-exec-9] [org.springdoc.api.AbstractOpenApiResource] Init duration for springdoc-openapi is: 157 ms
[2023-05-25 10:57:52.992 WARN  http-nio-8080-exec-5] [org.springframework.web.servlet.PageNotFound] No mapping for GET /favicon.ico
[2023-05-25 10:58:12.504 INFO  background-preinit] [org.hibernate.validator.internal.util.Version] HV000001: Hibernate Validator 8.0.0.Final
[2023-05-25 10:58:12.532 INFO  restartedMain] [com.green.board7.Board7Application] Starting Board7Application using Java 17.0.7 with PID 10584 (D:\spring\board7\target\classes started by Administrator in D:\spring\board7)
[2023-05-25 10:58:12.533 INFO  restartedMain] [com.green.board7.Board7Application] No active profile set, falling back to 1 default profile: "default"
[2023-05-25 10:58:12.556 INFO  restartedMain] [org.springframework.boot.devtools.env.DevToolsPropertyDefaultsPostProcessor] Devtools property defaults active! Set 'spring.devtools.add-properties' to 'false' to disable
[2023-05-25 10:58:12.557 INFO  restartedMain] [org.springframework.boot.devtools.env.DevToolsPropertyDefaultsPostProcessor] For additional web related logging consider setting the 'logging.level.web' property to 'DEBUG'
[2023-05-25 10:58:13.238 INFO  restartedMain] [org.springframework.boot.web.embedded.tomcat.TomcatWebServer] Tomcat initialized with port(s): 8080 (http)
[2023-05-25 10:58:13.244 INFO  restartedMain] [org.apache.coyote.http11.Http11NioProtocol] Initializing ProtocolHandler ["http-nio-8080"]
[2023-05-25 10:58:13.245 INFO  restartedMain] [org.apache.catalina.core.StandardService] Starting service [Tomcat]
[2023-05-25 10:58:13.245 INFO  restartedMain] [org.apache.catalina.core.StandardEngine] Starting Servlet engine: [Apache Tomcat/10.1.8]
[2023-05-25 10:58:13.279 INFO  restartedMain] [org.apache.catalina.core.ContainerBase.[Tomcat].[localhost].[/]] Initializing Spring embedded WebApplicationContext
[2023-05-25 10:58:13.280 INFO  restartedMain] [org.springframework.boot.web.servlet.context.ServletWebServerApplicationContext] Root WebApplicationContext: initialization completed in 722 ms
[2023-05-25 10:58:13.721 INFO  restartedMain] [org.springframework.boot.devtools.autoconfigure.OptionalLiveReloadServer] LiveReload server is running on port 35729
[2023-05-25 10:58:13.732 INFO  restartedMain] [org.apache.coyote.http11.Http11NioProtocol] Starting ProtocolHandler ["http-nio-8080"]
[2023-05-25 10:58:13.743 INFO  restartedMain] [org.springframework.boot.web.embedded.tomcat.TomcatWebServer] Tomcat started on port(s): 8080 (http) with context path ''
[2023-05-25 10:58:13.750 INFO  restartedMain] [com.green.board7.Board7Application] Started Board7Application in 1.543 seconds (process running for 1.897)
[2023-05-25 10:58:29.859 INFO  http-nio-8080-exec-1] [org.apache.catalina.core.ContainerBase.[Tomcat].[localhost].[/]] Initializing Spring DispatcherServlet 'dispatcherServlet'
[2023-05-25 10:58:29.859 INFO  http-nio-8080-exec-1] [org.springframework.web.servlet.DispatcherServlet] Initializing Servlet 'dispatcherServlet'
[2023-05-25 10:58:29.859 INFO  http-nio-8080-exec-1] [org.springframework.web.servlet.DispatcherServlet] Completed initialization in 0 ms
[2023-05-25 10:58:29.870 WARN  http-nio-8080-exec-1] [org.springframework.web.servlet.mvc.support.DefaultHandlerExceptionResolver] Resolved [org.springframework.web.HttpRequestMethodNotSupportedException: Request method 'GET' is not supported]
[2023-05-25 10:58:54.322 WARN  http-nio-8080-exec-7] [org.springframework.web.servlet.PageNotFound] No mapping for GET /favicon.ico
[2023-05-25 10:58:54.342 INFO  http-nio-8080-exec-6] [com.green.board7.board.BoardController] page : 1
[2023-05-25 10:58:54.366 INFO  http-nio-8080-exec-6] [com.zaxxer.hikari.HikariDataSource] HikariPool-1 - Starting...
[2023-05-25 10:58:54.415 INFO  http-nio-8080-exec-6] [com.zaxxer.hikari.pool.HikariPool] HikariPool-1 - Added connection org.mariadb.jdbc.Connection@d84439b
[2023-05-25 10:58:54.417 INFO  http-nio-8080-exec-6] [com.zaxxer.hikari.HikariDataSource] HikariPool-1 - Start completed.
[2023-05-25 11:04:10.377 INFO  SpringApplicationShutdownHook] [com.zaxxer.hikari.HikariDataSource] HikariPool-1 - Shutdown initiated...
[2023-05-25 11:04:10.379 INFO  SpringApplicationShutdownHook] [com.zaxxer.hikari.HikariDataSource] HikariPool-1 - Shutdown completed.
[2023-05-25 11:04:12.216 INFO  background-preinit] [org.hibernate.validator.internal.util.Version] HV000001: Hibernate Validator 8.0.0.Final
[2023-05-25 11:04:12.245 INFO  restartedMain] [com.green.board7.Board7Application] Starting Board7Application using Java 17.0.7 with PID 6264 (D:\spring\board7\target\classes started by Administrator in D:\spring\board7)
[2023-05-25 11:04:12.246 INFO  restartedMain] [com.green.board7.Board7Application] No active profile set, falling back to 1 default profile: "default"
[2023-05-25 11:04:12.274 INFO  restartedMain] [org.springframework.boot.devtools.env.DevToolsPropertyDefaultsPostProcessor] Devtools property defaults active! Set 'spring.devtools.add-properties' to 'false' to disable
[2023-05-25 11:04:12.274 INFO  restartedMain] [org.springframework.boot.devtools.env.DevToolsPropertyDefaultsPostProcessor] For additional web related logging consider setting the 'logging.level.web' property to 'DEBUG'
[2023-05-25 11:04:12.973 INFO  restartedMain] [org.springframework.boot.web.embedded.tomcat.TomcatWebServer] Tomcat initialized with port(s): 8080 (http)
[2023-05-25 11:04:12.978 INFO  restartedMain] [org.apache.coyote.http11.Http11NioProtocol] Initializing ProtocolHandler ["http-nio-8080"]
[2023-05-25 11:04:12.979 INFO  restartedMain] [org.apache.catalina.core.StandardService] Starting service [Tomcat]
[2023-05-25 11:04:12.979 INFO  restartedMain] [org.apache.catalina.core.StandardEngine] Starting Servlet engine: [Apache Tomcat/10.1.8]
[2023-05-25 11:04:13.015 INFO  restartedMain] [org.apache.catalina.core.ContainerBase.[Tomcat].[localhost].[/]] Initializing Spring embedded WebApplicationContext
[2023-05-25 11:04:13.016 INFO  restartedMain] [org.springframework.boot.web.servlet.context.ServletWebServerApplicationContext] Root WebApplicationContext: initialization completed in 742 ms
[2023-05-25 11:04:13.465 INFO  restartedMain] [org.springframework.boot.devtools.autoconfigure.OptionalLiveReloadServer] LiveReload server is running on port 35729
[2023-05-25 11:04:13.476 INFO  restartedMain] [org.apache.coyote.http11.Http11NioProtocol] Starting ProtocolHandler ["http-nio-8080"]
[2023-05-25 11:04:13.486 INFO  restartedMain] [org.springframework.boot.web.embedded.tomcat.TomcatWebServer] Tomcat started on port(s): 8080 (http) with context path ''
[2023-05-25 11:04:13.493 INFO  restartedMain] [com.green.board7.Board7Application] Started Board7Application in 1.583 seconds (process running for 1.96)
[2023-05-25 11:04:31.146 INFO  http-nio-8080-exec-1] [org.apache.catalina.core.ContainerBase.[Tomcat].[localhost].[/]] Initializing Spring DispatcherServlet 'dispatcherServlet'
[2023-05-25 11:04:31.146 INFO  http-nio-8080-exec-1] [org.springframework.web.servlet.DispatcherServlet] Initializing Servlet 'dispatcherServlet'
[2023-05-25 11:04:31.147 INFO  http-nio-8080-exec-1] [org.springframework.web.servlet.DispatcherServlet] Completed initialization in 1 ms
[2023-05-25 11:04:44.396 INFO  http-nio-8080-exec-4] [com.green.board7.fileupload.FileuploadController] dtoFileuploadInsDto(uploader=, levelValue=0)
[2023-05-25 11:04:44.396 INFO  http-nio-8080-exec-4] [com.green.board7.fileupload.FileuploadController] imgFileNameimg
[2023-05-25 11:04:44.407 INFO  http-nio-8080-exec-4] [com.zaxxer.hikari.HikariDataSource] HikariPool-1 - Starting...
[2023-05-25 11:04:44.446 INFO  http-nio-8080-exec-4] [com.zaxxer.hikari.pool.HikariPool] HikariPool-1 - Added connection org.mariadb.jdbc.Connection@1f87cbe5
[2023-05-25 11:04:44.447 INFO  http-nio-8080-exec-4] [com.zaxxer.hikari.HikariDataSource] HikariPool-1 - Start completed.
[2023-05-25 11:07:21.548 INFO  SpringApplicationShutdownHook] [com.zaxxer.hikari.HikariDataSource] HikariPool-1 - Shutdown initiated...
[2023-05-25 11:07:21.550 INFO  SpringApplicationShutdownHook] [com.zaxxer.hikari.HikariDataSource] HikariPool-1 - Shutdown completed.
[2023-05-25 11:07:23.389 INFO  background-preinit] [org.hibernate.validator.internal.util.Version] HV000001: Hibernate Validator 8.0.0.Final
[2023-05-25 11:07:23.417 INFO  restartedMain] [com.green.board7.Board7Application] Starting Board7Application using Java 17.0.7 with PID 4660 (D:\spring\board7\target\classes started by Administrator in D:\spring\board7)
[2023-05-25 11:07:23.417 INFO  restartedMain] [com.green.board7.Board7Application] No active profile set, falling back to 1 default profile: "default"
[2023-05-25 11:07:23.444 INFO  restartedMain] [org.springframework.boot.devtools.env.DevToolsPropertyDefaultsPostProcessor] Devtools property defaults active! Set 'spring.devtools.add-properties' to 'false' to disable
[2023-05-25 11:07:23.445 INFO  restartedMain] [org.springframework.boot.devtools.env.DevToolsPropertyDefaultsPostProcessor] For additional web related logging consider setting the 'logging.level.web' property to 'DEBUG'
[2023-05-25 11:07:24.141 INFO  restartedMain] [org.springframework.boot.web.embedded.tomcat.TomcatWebServer] Tomcat initialized with port(s): 8080 (http)
[2023-05-25 11:07:24.147 INFO  restartedMain] [org.apache.coyote.http11.Http11NioProtocol] Initializing ProtocolHandler ["http-nio-8080"]
[2023-05-25 11:07:24.148 INFO  restartedMain] [org.apache.catalina.core.StandardService] Starting service [Tomcat]
[2023-05-25 11:07:24.148 INFO  restartedMain] [org.apache.catalina.core.StandardEngine] Starting Servlet engine: [Apache Tomcat/10.1.8]
[2023-05-25 11:07:24.182 INFO  restartedMain] [org.apache.catalina.core.ContainerBase.[Tomcat].[localhost].[/]] Initializing Spring embedded WebApplicationContext
[2023-05-25 11:07:24.183 INFO  restartedMain] [org.springframework.boot.web.servlet.context.ServletWebServerApplicationContext] Root WebApplicationContext: initialization completed in 738 ms
[2023-05-25 11:07:24.656 INFO  restartedMain] [org.springframework.boot.devtools.autoconfigure.OptionalLiveReloadServer] LiveReload server is running on port 35729
[2023-05-25 11:07:24.668 INFO  restartedMain] [org.apache.coyote.http11.Http11NioProtocol] Starting ProtocolHandler ["http-nio-8080"]
[2023-05-25 11:07:24.679 INFO  restartedMain] [org.springframework.boot.web.embedded.tomcat.TomcatWebServer] Tomcat started on port(s): 8080 (http) with context path ''
[2023-05-25 11:07:24.685 INFO  restartedMain] [com.green.board7.Board7Application] Started Board7Application in 1.594 seconds (process running for 1.94)
[2023-05-25 11:07:30.285 INFO  http-nio-8080-exec-1] [org.apache.catalina.core.ContainerBase.[Tomcat].[localhost].[/]] Initializing Spring DispatcherServlet 'dispatcherServlet'
[2023-05-25 11:07:30.286 INFO  http-nio-8080-exec-1] [org.springframework.web.servlet.DispatcherServlet] Initializing Servlet 'dispatcherServlet'
[2023-05-25 11:07:30.286 INFO  http-nio-8080-exec-1] [org.springframework.web.servlet.DispatcherServlet] Completed initialization in 0 ms
[2023-05-25 11:08:44.835 INFO  background-preinit] [org.hibernate.validator.internal.util.Version] HV000001: Hibernate Validator 8.0.0.Final
[2023-05-25 11:08:44.864 INFO  restartedMain] [com.green.board7.Board7Application] Starting Board7Application using Java 17.0.7 with PID 1132 (D:\spring\board7\target\classes started by Administrator in D:\spring\board7)
[2023-05-25 11:08:44.864 INFO  restartedMain] [com.green.board7.Board7Application] No active profile set, falling back to 1 default profile: "default"
[2023-05-25 11:08:44.892 INFO  restartedMain] [org.springframework.boot.devtools.env.DevToolsPropertyDefaultsPostProcessor] Devtools property defaults active! Set 'spring.devtools.add-properties' to 'false' to disable
[2023-05-25 11:08:44.892 INFO  restartedMain] [org.springframework.boot.devtools.env.DevToolsPropertyDefaultsPostProcessor] For additional web related logging consider setting the 'logging.level.web' property to 'DEBUG'
[2023-05-25 11:08:45.570 INFO  restartedMain] [org.springframework.boot.web.embedded.tomcat.TomcatWebServer] Tomcat initialized with port(s): 8080 (http)
[2023-05-25 11:08:45.575 INFO  restartedMain] [org.apache.coyote.http11.Http11NioProtocol] Initializing ProtocolHandler ["http-nio-8080"]
[2023-05-25 11:08:45.576 INFO  restartedMain] [org.apache.catalina.core.StandardService] Starting service [Tomcat]
[2023-05-25 11:08:45.576 INFO  restartedMain] [org.apache.catalina.core.StandardEngine] Starting Servlet engine: [Apache Tomcat/10.1.8]
[2023-05-25 11:08:45.611 INFO  restartedMain] [org.apache.catalina.core.ContainerBase.[Tomcat].[localhost].[/]] Initializing Spring embedded WebApplicationContext
[2023-05-25 11:08:45.611 INFO  restartedMain] [org.springframework.boot.web.servlet.context.ServletWebServerApplicationContext] Root WebApplicationContext: initialization completed in 719 ms
[2023-05-25 11:08:46.054 INFO  restartedMain] [org.springframework.boot.devtools.autoconfigure.OptionalLiveReloadServer] LiveReload server is running on port 35729
[2023-05-25 11:08:46.065 INFO  restartedMain] [org.apache.coyote.http11.Http11NioProtocol] Starting ProtocolHandler ["http-nio-8080"]
[2023-05-25 11:08:46.076 INFO  restartedMain] [org.springframework.boot.web.embedded.tomcat.TomcatWebServer] Tomcat started on port(s): 8080 (http) with context path ''
[2023-05-25 11:08:46.082 INFO  restartedMain] [com.green.board7.Board7Application] Started Board7Application in 1.621 seconds (process running for 1.972)
[2023-05-25 11:09:20.424 INFO  background-preinit] [org.hibernate.validator.internal.util.Version] HV000001: Hibernate Validator 8.0.0.Final
[2023-05-25 11:09:20.451 INFO  restartedMain] [com.green.board7.Board7Application] Starting Board7Application using Java 17.0.7 with PID 5200 (D:\spring\board7\target\classes started by Administrator in D:\spring\board7)
[2023-05-25 11:09:20.451 INFO  restartedMain] [com.green.board7.Board7Application] No active profile set, falling back to 1 default profile: "default"
[2023-05-25 11:09:20.478 INFO  restartedMain] [org.springframework.boot.devtools.env.DevToolsPropertyDefaultsPostProcessor] Devtools property defaults active! Set 'spring.devtools.add-properties' to 'false' to disable
[2023-05-25 11:09:20.478 INFO  restartedMain] [org.springframework.boot.devtools.env.DevToolsPropertyDefaultsPostProcessor] For additional web related logging consider setting the 'logging.level.web' property to 'DEBUG'
[2023-05-25 11:09:21.164 INFO  restartedMain] [org.springframework.boot.web.embedded.tomcat.TomcatWebServer] Tomcat initialized with port(s): 8080 (http)
[2023-05-25 11:09:21.170 INFO  restartedMain] [org.apache.coyote.http11.Http11NioProtocol] Initializing ProtocolHandler ["http-nio-8080"]
[2023-05-25 11:09:21.170 INFO  restartedMain] [org.apache.catalina.core.StandardService] Starting service [Tomcat]
[2023-05-25 11:09:21.170 INFO  restartedMain] [org.apache.catalina.core.StandardEngine] Starting Servlet engine: [Apache Tomcat/10.1.8]
[2023-05-25 11:09:21.205 INFO  restartedMain] [org.apache.catalina.core.ContainerBase.[Tomcat].[localhost].[/]] Initializing Spring embedded WebApplicationContext
[2023-05-25 11:09:21.205 INFO  restartedMain] [org.springframework.boot.web.servlet.context.ServletWebServerApplicationContext] Root WebApplicationContext: initialization completed in 727 ms
[2023-05-25 11:09:21.643 INFO  restartedMain] [org.springframework.boot.devtools.autoconfigure.OptionalLiveReloadServer] LiveReload server is running on port 35729
[2023-05-25 11:09:21.652 INFO  restartedMain] [org.apache.coyote.http11.Http11NioProtocol] Starting ProtocolHandler ["http-nio-8080"]
[2023-05-25 11:09:21.663 INFO  restartedMain] [org.springframework.boot.web.embedded.tomcat.TomcatWebServer] Tomcat started on port(s): 8080 (http) with context path ''
[2023-05-25 11:09:21.670 INFO  restartedMain] [com.green.board7.Board7Application] Started Board7Application in 1.55 seconds (process running for 1.907)
[2023-05-25 11:09:25.997 INFO  http-nio-8080-exec-1] [org.apache.catalina.core.ContainerBase.[Tomcat].[localhost].[/]] Initializing Spring DispatcherServlet 'dispatcherServlet'
[2023-05-25 11:09:25.997 INFO  http-nio-8080-exec-1] [org.springframework.web.servlet.DispatcherServlet] Initializing Servlet 'dispatcherServlet'
[2023-05-25 11:09:25.998 INFO  http-nio-8080-exec-1] [org.springframework.web.servlet.DispatcherServlet] Completed initialization in 1 ms
[2023-05-25 11:10:08.273 INFO  background-preinit] [org.hibernate.validator.internal.util.Version] HV000001: Hibernate Validator 8.0.0.Final
[2023-05-25 11:10:08.298 INFO  restartedMain] [com.green.board7.Board7Application] Starting Board7Application using Java 17.0.7 with PID 4036 (D:\spring\board7\target\classes started by Administrator in D:\spring\board7)
[2023-05-25 11:10:08.299 INFO  restartedMain] [com.green.board7.Board7Application] No active profile set, falling back to 1 default profile: "default"
[2023-05-25 11:10:08.325 INFO  restartedMain] [org.springframework.boot.devtools.env.DevToolsPropertyDefaultsPostProcessor] Devtools property defaults active! Set 'spring.devtools.add-properties' to 'false' to disable
[2023-05-25 11:10:08.325 INFO  restartedMain] [org.springframework.boot.devtools.env.DevToolsPropertyDefaultsPostProcessor] For additional web related logging consider setting the 'logging.level.web' property to 'DEBUG'
[2023-05-25 11:10:09.012 INFO  restartedMain] [org.springframework.boot.web.embedded.tomcat.TomcatWebServer] Tomcat initialized with port(s): 8080 (http)
[2023-05-25 11:10:09.018 INFO  restartedMain] [org.apache.coyote.http11.Http11NioProtocol] Initializing ProtocolHandler ["http-nio-8080"]
[2023-05-25 11:10:09.018 INFO  restartedMain] [org.apache.catalina.core.StandardService] Starting service [Tomcat]
[2023-05-25 11:10:09.018 INFO  restartedMain] [org.apache.catalina.core.StandardEngine] Starting Servlet engine: [Apache Tomcat/10.1.8]
[2023-05-25 11:10:09.053 INFO  restartedMain] [org.apache.catalina.core.ContainerBase.[Tomcat].[localhost].[/]] Initializing Spring embedded WebApplicationContext
[2023-05-25 11:10:09.053 INFO  restartedMain] [org.springframework.boot.web.servlet.context.ServletWebServerApplicationContext] Root WebApplicationContext: initialization completed in 728 ms
[2023-05-25 11:10:09.498 INFO  restartedMain] [org.springframework.boot.devtools.autoconfigure.OptionalLiveReloadServer] LiveReload server is running on port 35729
[2023-05-25 11:10:09.509 INFO  restartedMain] [org.apache.coyote.http11.Http11NioProtocol] Starting ProtocolHandler ["http-nio-8080"]
[2023-05-25 11:10:09.520 INFO  restartedMain] [org.springframework.boot.web.embedded.tomcat.TomcatWebServer] Tomcat started on port(s): 8080 (http) with context path ''
[2023-05-25 11:10:09.527 INFO  restartedMain] [com.green.board7.Board7Application] Started Board7Application in 1.57 seconds (process running for 1.929)
[2023-05-25 11:10:17.227 INFO  http-nio-8080-exec-1] [org.apache.catalina.core.ContainerBase.[Tomcat].[localhost].[/]] Initializing Spring DispatcherServlet 'dispatcherServlet'
[2023-05-25 11:10:17.228 INFO  http-nio-8080-exec-1] [org.springframework.web.servlet.DispatcherServlet] Initializing Servlet 'dispatcherServlet'
[2023-05-25 11:10:17.228 INFO  http-nio-8080-exec-1] [org.springframework.web.servlet.DispatcherServlet] Completed initialization in 0 ms
[2023-05-25 11:10:29.765 INFO  http-nio-8080-exec-6] [com.green.board7.fileupload.FileuploadController] dtoFileuploadInsDto(uploader=ㅇㄹㅇㄴ, levelValue=10)
[2023-05-25 11:10:29.765 INFO  http-nio-8080-exec-6] [com.green.board7.fileupload.FileuploadController] imgFileNameimg
[2023-05-25 11:10:29.777 INFO  http-nio-8080-exec-6] [com.zaxxer.hikari.HikariDataSource] HikariPool-1 - Starting...
[2023-05-25 11:10:29.815 INFO  http-nio-8080-exec-6] [com.zaxxer.hikari.pool.HikariPool] HikariPool-1 - Added connection org.mariadb.jdbc.Connection@15132400
[2023-05-25 11:10:29.816 INFO  http-nio-8080-exec-6] [com.zaxxer.hikari.HikariDataSource] HikariPool-1 - Start completed.
[2023-05-25 11:13:02.154 INFO  http-nio-8080-exec-10] [com.green.board7.board.BoardController] page : 1
[2023-05-25 11:36:16.692 INFO  http-nio-8080-exec-8] [com.green.board7.board.BoardController] page : 1
[2023-05-25 11:36:19.840 INFO  http-nio-8080-exec-6] [com.green.board7.board.BoardController] page : 1
[2023-05-25 11:37:49.052 INFO  http-nio-8080-exec-7] [com.green.board7.fileupload.FileuploadController] dtoFileuploadInsDto(uploader=아는형님, levelValue=20)
[2023-05-25 11:37:49.052 INFO  http-nio-8080-exec-7] [com.green.board7.fileupload.FileuploadController] imgFileNameimg
[2023-05-25 11:44:58.086 INFO  SpringApplicationShutdownHook] [com.zaxxer.hikari.HikariDataSource] HikariPool-1 - Shutdown initiated...
[2023-05-25 11:44:58.088 INFO  SpringApplicationShutdownHook] [com.zaxxer.hikari.HikariDataSource] HikariPool-1 - Shutdown completed.
[2023-05-25 11:45:00.822 INFO  background-preinit] [org.hibernate.validator.internal.util.Version] HV000001: Hibernate Validator 8.0.0.Final
[2023-05-25 11:45:00.853 INFO  restartedMain] [com.green.board7.Board7Application] Starting Board7Application using Java 17.0.7 with PID 9104 (D:\spring\board7\target\classes started by Administrator in D:\spring\board7)
[2023-05-25 11:45:00.853 INFO  restartedMain] [com.green.board7.Board7Application] No active profile set, falling back to 1 default profile: "default"
[2023-05-25 11:45:00.881 INFO  restartedMain] [org.springframework.boot.devtools.env.DevToolsPropertyDefaultsPostProcessor] Devtools property defaults active! Set 'spring.devtools.add-properties' to 'false' to disable
[2023-05-25 11:45:00.881 INFO  restartedMain] [org.springframework.boot.devtools.env.DevToolsPropertyDefaultsPostProcessor] For additional web related logging consider setting the 'logging.level.web' property to 'DEBUG'
[2023-05-25 11:45:01.578 INFO  restartedMain] [org.springframework.boot.web.embedded.tomcat.TomcatWebServer] Tomcat initialized with port(s): 8080 (http)
[2023-05-25 11:45:01.583 INFO  restartedMain] [org.apache.coyote.http11.Http11NioProtocol] Initializing ProtocolHandler ["http-nio-8080"]
[2023-05-25 11:45:01.584 INFO  restartedMain] [org.apache.catalina.core.StandardService] Starting service [Tomcat]
[2023-05-25 11:45:01.584 INFO  restartedMain] [org.apache.catalina.core.StandardEngine] Starting Servlet engine: [Apache Tomcat/10.1.8]
[2023-05-25 11:45:01.620 INFO  restartedMain] [org.apache.catalina.core.ContainerBase.[Tomcat].[localhost].[/]] Initializing Spring embedded WebApplicationContext
[2023-05-25 11:45:01.621 INFO  restartedMain] [org.springframework.boot.web.servlet.context.ServletWebServerApplicationContext] Root WebApplicationContext: initialization completed in 738 ms
[2023-05-25 11:45:02.082 INFO  restartedMain] [org.springframework.boot.devtools.autoconfigure.OptionalLiveReloadServer] LiveReload server is running on port 35729
[2023-05-25 11:45:02.091 INFO  restartedMain] [org.apache.coyote.http11.Http11NioProtocol] Starting ProtocolHandler ["http-nio-8080"]
[2023-05-25 11:45:02.103 INFO  restartedMain] [org.springframework.boot.web.embedded.tomcat.TomcatWebServer] Tomcat started on port(s): 8080 (http) with context path ''
[2023-05-25 11:45:02.110 INFO  restartedMain] [com.green.board7.Board7Application] Started Board7Application in 1.584 seconds (process running for 1.928)
[2023-05-25 11:45:47.427 INFO  http-nio-8080-exec-1] [org.apache.catalina.core.ContainerBase.[Tomcat].[localhost].[/]] Initializing Spring DispatcherServlet 'dispatcherServlet'
[2023-05-25 11:45:47.427 INFO  http-nio-8080-exec-1] [org.springframework.web.servlet.DispatcherServlet] Initializing Servlet 'dispatcherServlet'
[2023-05-25 11:45:47.428 INFO  http-nio-8080-exec-1] [org.springframework.web.servlet.DispatcherServlet] Completed initialization in 1 ms
[2023-05-25 11:46:04.782 INFO  http-nio-8080-exec-2] [com.green.board7.fileupload.FileuploadController] dtoFileuploadInsDto(uploader=문신돼지, levelValue=10)
[2023-05-25 11:46:04.782 INFO  http-nio-8080-exec-2] [com.green.board7.fileupload.FileuploadController] imgFileNameimg
[2023-05-25 11:46:04.793 INFO  http-nio-8080-exec-2] [com.zaxxer.hikari.HikariDataSource] HikariPool-1 - Starting...
[2023-05-25 11:46:04.831 INFO  http-nio-8080-exec-2] [com.zaxxer.hikari.pool.HikariPool] HikariPool-1 - Added connection org.mariadb.jdbc.Connection@45bc8a02
[2023-05-25 11:46:04.832 INFO  http-nio-8080-exec-2] [com.zaxxer.hikari.HikariDataSource] HikariPool-1 - Start completed.
[2023-05-25 11:50:30.756 INFO  File Watcher] [org.springframework.boot.devtools.autoconfigure.LocalDevToolsAutoConfiguration$RestartingClassPathChangeChangedEventListener] Restarting due to 1 class path change (0 additions, 0 deletions, 1 modification)
[2023-05-25 11:50:30.761 INFO  Thread-5] [org.apache.coyote.http11.Http11NioProtocol] Pausing ProtocolHandler ["http-nio-8080"]
[2023-05-25 11:50:30.761 INFO  Thread-5] [org.apache.catalina.core.StandardService] Stopping service [Tomcat]
[2023-05-25 11:50:30.762 INFO  Thread-5] [org.apache.catalina.core.ContainerBase.[Tomcat].[localhost].[/]] Destroying Spring FrameworkServlet 'dispatcherServlet'
[2023-05-25 11:50:30.764 WARN  Thread-5] [org.apache.catalina.loader.WebappClassLoaderBase] The web application [ROOT] appears to have started a thread named [HikariPool-1 housekeeper] but has failed to stop it. This is very likely to create a memory leak. Stack trace of thread:
 java.base@17.0.7/jdk.internal.misc.Unsafe.park(Native Method)
 java.base@17.0.7/java.util.concurrent.locks.LockSupport.parkNanos(LockSupport.java:252)
 java.base@17.0.7/java.util.concurrent.locks.AbstractQueuedSynchronizer$ConditionObject.awaitNanos(AbstractQueuedSynchronizer.java:1672)
 java.base@17.0.7/java.util.concurrent.ScheduledThreadPoolExecutor$DelayedWorkQueue.take(ScheduledThreadPoolExecutor.java:1182)
 java.base@17.0.7/java.util.concurrent.ScheduledThreadPoolExecutor$DelayedWorkQueue.take(ScheduledThreadPoolExecutor.java:899)
 java.base@17.0.7/java.util.concurrent.ThreadPoolExecutor.getTask(ThreadPoolExecutor.java:1062)
 java.base@17.0.7/java.util.concurrent.ThreadPoolExecutor.runWorker(ThreadPoolExecutor.java:1122)
 java.base@17.0.7/java.util.concurrent.ThreadPoolExecutor$Worker.run(ThreadPoolExecutor.java:635)
 java.base@17.0.7/java.lang.Thread.run(Thread.java:833)
[2023-05-25 11:50:30.765 INFO  Thread-5] [org.apache.coyote.http11.Http11NioProtocol] Stopping ProtocolHandler ["http-nio-8080"]
[2023-05-25 11:50:30.766 INFO  Thread-5] [org.apache.coyote.http11.Http11NioProtocol] Destroying ProtocolHandler ["http-nio-8080"]
[2023-05-25 11:50:30.768 INFO  Thread-5] [com.zaxxer.hikari.HikariDataSource] HikariPool-1 - Shutdown initiated...
[2023-05-25 11:50:30.770 INFO  Thread-5] [com.zaxxer.hikari.HikariDataSource] HikariPool-1 - Shutdown completed.
[2023-05-25 11:50:30.826 INFO  restartedMain] [com.green.board7.Board7Application] Starting Board7Application using Java 17.0.7 with PID 9104 (D:\spring\board7\target\classes started by Administrator in D:\spring\board7)
[2023-05-25 11:50:30.826 INFO  restartedMain] [com.green.board7.Board7Application] No active profile set, falling back to 1 default profile: "default"
[2023-05-25 11:50:30.973 INFO  restartedMain] [org.springframework.boot.web.embedded.tomcat.TomcatWebServer] Tomcat initialized with port(s): 8080 (http)
[2023-05-25 11:50:30.973 INFO  restartedMain] [org.apache.coyote.http11.Http11NioProtocol] Initializing ProtocolHandler ["http-nio-8080"]
[2023-05-25 11:50:30.973 INFO  restartedMain] [org.apache.catalina.core.StandardService] Starting service [Tomcat]
[2023-05-25 11:50:30.973 INFO  restartedMain] [org.apache.catalina.core.StandardEngine] Starting Servlet engine: [Apache Tomcat/10.1.8]
[2023-05-25 11:50:30.982 INFO  restartedMain] [org.apache.catalina.core.ContainerBase.[Tomcat].[localhost].[/]] Initializing Spring embedded WebApplicationContext
[2023-05-25 11:50:30.982 INFO  restartedMain] [org.springframework.boot.web.servlet.context.ServletWebServerApplicationContext] Root WebApplicationContext: initialization completed in 154 ms
[2023-05-25 11:50:31.114 INFO  restartedMain] [org.springframework.boot.devtools.autoconfigure.OptionalLiveReloadServer] LiveReload server is running on port 35729
[2023-05-25 11:50:31.119 INFO  restartedMain] [org.apache.coyote.http11.Http11NioProtocol] Starting ProtocolHandler ["http-nio-8080"]
[2023-05-25 11:50:31.122 INFO  restartedMain] [org.springframework.boot.web.embedded.tomcat.TomcatWebServer] Tomcat started on port(s): 8080 (http) with context path ''
[2023-05-25 11:50:31.125 INFO  restartedMain] [com.green.board7.Board7Application] Started Board7Application in 0.316 seconds (process running for 330.943)
[2023-05-25 11:50:31.126 INFO  restartedMain] [org.springframework.boot.devtools.autoconfigure.ConditionEvaluationDeltaLoggingListener] Condition evaluation unchanged
[2023-05-25 11:50:45.612 INFO  background-preinit] [org.hibernate.validator.internal.util.Version] HV000001: Hibernate Validator 8.0.0.Final
[2023-05-25 11:50:45.637 INFO  restartedMain] [com.green.board7.Board7Application] Starting Board7Application using Java 17.0.7 with PID 3176 (D:\spring\board7\target\classes started by Administrator in D:\spring\board7)
[2023-05-25 11:50:45.638 INFO  restartedMain] [com.green.board7.Board7Application] No active profile set, falling back to 1 default profile: "default"
[2023-05-25 11:50:45.666 INFO  restartedMain] [org.springframework.boot.devtools.env.DevToolsPropertyDefaultsPostProcessor] Devtools property defaults active! Set 'spring.devtools.add-properties' to 'false' to disable
[2023-05-25 11:50:45.667 INFO  restartedMain] [org.springframework.boot.devtools.env.DevToolsPropertyDefaultsPostProcessor] For additional web related logging consider setting the 'logging.level.web' property to 'DEBUG'
[2023-05-25 11:50:46.355 INFO  restartedMain] [org.springframework.boot.web.embedded.tomcat.TomcatWebServer] Tomcat initialized with port(s): 8080 (http)
[2023-05-25 11:50:46.361 INFO  restartedMain] [org.apache.coyote.http11.Http11NioProtocol] Initializing ProtocolHandler ["http-nio-8080"]
[2023-05-25 11:50:46.361 INFO  restartedMain] [org.apache.catalina.core.StandardService] Starting service [Tomcat]
[2023-05-25 11:50:46.361 INFO  restartedMain] [org.apache.catalina.core.StandardEngine] Starting Servlet engine: [Apache Tomcat/10.1.8]
[2023-05-25 11:50:46.396 INFO  restartedMain] [org.apache.catalina.core.ContainerBase.[Tomcat].[localhost].[/]] Initializing Spring embedded WebApplicationContext
[2023-05-25 11:50:46.397 INFO  restartedMain] [org.springframework.boot.web.servlet.context.ServletWebServerApplicationContext] Root WebApplicationContext: initialization completed in 730 ms
[2023-05-25 11:50:46.843 INFO  restartedMain] [org.springframework.boot.devtools.autoconfigure.OptionalLiveReloadServer] LiveReload server is running on port 35729
[2023-05-25 11:50:46.854 INFO  restartedMain] [org.apache.coyote.http11.Http11NioProtocol] Starting ProtocolHandler ["http-nio-8080"]
[2023-05-25 11:50:46.864 INFO  restartedMain] [org.springframework.boot.web.embedded.tomcat.TomcatWebServer] Tomcat started on port(s): 8080 (http) with context path ''
[2023-05-25 11:50:46.871 INFO  restartedMain] [com.green.board7.Board7Application] Started Board7Application in 1.56 seconds (process running for 1.939)
[2023-05-25 11:53:05.704 INFO  File Watcher] [org.springframework.boot.devtools.autoconfigure.LocalDevToolsAutoConfiguration$RestartingClassPathChangeChangedEventListener] Restarting due to 1 class path change (0 additions, 1 deletion, 0 modifications)
[2023-05-25 11:53:05.709 INFO  Thread-5] [org.apache.coyote.http11.Http11NioProtocol] Pausing ProtocolHandler ["http-nio-8080"]
[2023-05-25 11:53:05.710 INFO  Thread-5] [org.apache.catalina.core.StandardService] Stopping service [Tomcat]
[2023-05-25 11:53:05.712 INFO  Thread-5] [org.apache.coyote.http11.Http11NioProtocol] Stopping ProtocolHandler ["http-nio-8080"]
[2023-05-25 11:53:05.714 INFO  Thread-5] [org.apache.coyote.http11.Http11NioProtocol] Destroying ProtocolHandler ["http-nio-8080"]
[2023-05-25 11:53:05.763 INFO  restartedMain] [com.green.board7.Board7Application] Starting Board7Application using Java 17.0.7 with PID 3176 (D:\spring\board7\target\classes started by Administrator in D:\spring\board7)
[2023-05-25 11:53:05.763 INFO  restartedMain] [com.green.board7.Board7Application] No active profile set, falling back to 1 default profile: "default"
[2023-05-25 11:53:05.911 INFO  restartedMain] [org.springframework.boot.web.embedded.tomcat.TomcatWebServer] Tomcat initialized with port(s): 8080 (http)
[2023-05-25 11:53:05.911 INFO  restartedMain] [org.apache.coyote.http11.Http11NioProtocol] Initializing ProtocolHandler ["http-nio-8080"]
[2023-05-25 11:53:05.911 INFO  restartedMain] [org.apache.catalina.core.StandardService] Starting service [Tomcat]
[2023-05-25 11:53:05.911 INFO  restartedMain] [org.apache.catalina.core.StandardEngine] Starting Servlet engine: [Apache Tomcat/10.1.8]
[2023-05-25 11:53:05.919 INFO  restartedMain] [org.apache.catalina.core.ContainerBase.[Tomcat].[localhost].[/]] Initializing Spring embedded WebApplicationContext
[2023-05-25 11:53:05.919 INFO  restartedMain] [org.springframework.boot.web.servlet.context.ServletWebServerApplicationContext] Root WebApplicationContext: initialization completed in 154 ms
[2023-05-25 11:53:05.961 WARN  restartedMain] [org.springframework.boot.web.servlet.context.AnnotationConfigServletWebServerApplicationContext] Exception encountered during context initialization - cancelling refresh attempt: org.springframework.beans.factory.UnsatisfiedDependencyException: Error creating bean with name 'fileuploadController' defined in file [D:\spring\board7\target\classes\com\green\board7\fileupload\FileuploadController.class]: Unsatisfied dependency expressed through constructor parameter 0: Error creating bean with name 'fileuploadService': Resolution of declared constructors on bean Class [com.green.board7.fileupload.FileuploadService] from ClassLoader [org.springframework.boot.devtools.restart.classloader.RestartClassLoader@42e89f96] failed
[2023-05-25 11:53:05.961 INFO  restartedMain] [org.apache.catalina.core.StandardService] Stopping service [Tomcat]
[2023-05-25 11:53:05.965 INFO  restartedMain] [org.springframework.boot.autoconfigure.logging.ConditionEvaluationReportLogger] 

Error starting ApplicationContext. To display the condition evaluation report re-run your application with 'debug' enabled.
[2023-05-25 11:53:05.982 ERROR restartedMain] [org.springframework.boot.SpringApplication] Application run failed
org.springframework.beans.factory.UnsatisfiedDependencyException: Error creating bean with name 'fileuploadController' defined in file [D:\spring\board7\target\classes\com\green\board7\fileupload\FileuploadController.class]: Unsatisfied dependency expressed through constructor parameter 0: Error creating bean with name 'fileuploadService': Resolution of declared constructors on bean Class [com.green.board7.fileupload.FileuploadService] from ClassLoader [org.springframework.boot.devtools.restart.classloader.RestartClassLoader@42e89f96] failed
	at org.springframework.beans.factory.support.ConstructorResolver.createArgumentArray(ConstructorResolver.java:800)
	at org.springframework.beans.factory.support.ConstructorResolver.autowireConstructor(ConstructorResolver.java:245)
	at org.springframework.beans.factory.support.AbstractAutowireCapableBeanFactory.autowireConstructor(AbstractAutowireCapableBeanFactory.java:1352)
	at org.springframework.beans.factory.support.AbstractAutowireCapableBeanFactory.createBeanInstance(AbstractAutowireCapableBeanFactory.java:1189)
	at org.springframework.beans.factory.support.AbstractAutowireCapableBeanFactory.doCreateBean(AbstractAutowireCapableBeanFactory.java:560)
	at org.springframework.beans.factory.support.AbstractAutowireCapableBeanFactory.createBean(AbstractAutowireCapableBeanFactory.java:520)
	at org.springframework.beans.factory.support.AbstractBeanFactory.lambda$doGetBean$0(AbstractBeanFactory.java:326)
	at org.springframework.beans.factory.support.DefaultSingletonBeanRegistry.getSingleton(DefaultSingletonBeanRegistry.java:234)
	at org.springframework.beans.factory.support.AbstractBeanFactory.doGetBean(AbstractBeanFactory.java:324)
	at org.springframework.beans.factory.support.AbstractBeanFactory.getBean(AbstractBeanFactory.java:200)
	at org.springframework.beans.factory.support.DefaultListableBeanFactory.preInstantiateSingletons(DefaultListableBeanFactory.java:973)
	at org.springframework.context.support.AbstractApplicationContext.finishBeanFactoryInitialization(AbstractApplicationContext.java:941)
	at org.springframework.context.support.AbstractApplicationContext.refresh(AbstractApplicationContext.java:608)
	at org.springframework.boot.web.servlet.context.ServletWebServerApplicationContext.refresh(ServletWebServerApplicationContext.java:146)
	at org.springframework.boot.SpringApplication.refresh(SpringApplication.java:732)
	at org.springframework.boot.SpringApplication.refreshContext(SpringApplication.java:434)
	at org.springframework.boot.SpringApplication.run(SpringApplication.java:310)
	at org.springframework.boot.SpringApplication.run(SpringApplication.java:1304)
	at org.springframework.boot.SpringApplication.run(SpringApplication.java:1293)
	at com.green.board7.Board7Application.main(Board7Application.java:10)
	at java.base/jdk.internal.reflect.NativeMethodAccessorImpl.invoke0(Native Method)
	at java.base/jdk.internal.reflect.NativeMethodAccessorImpl.invoke(NativeMethodAccessorImpl.java:77)
	at java.base/jdk.internal.reflect.DelegatingMethodAccessorImpl.invoke(DelegatingMethodAccessorImpl.java:43)
	at java.base/java.lang.reflect.Method.invoke(Method.java:568)
	at org.springframework.boot.devtools.restart.RestartLauncher.run(RestartLauncher.java:49)
Caused by: org.springframework.beans.factory.BeanCreationException: Error creating bean with name 'fileuploadService': Resolution of declared constructors on bean Class [com.green.board7.fileupload.FileuploadService] from ClassLoader [org.springframework.boot.devtools.restart.classloader.RestartClassLoader@42e89f96] failed
	at org.springframework.beans.factory.annotation.AutowiredAnnotationBeanPostProcessor.determineCandidateConstructors(AutowiredAnnotationBeanPostProcessor.java:357)
	at org.springframework.beans.factory.support.AbstractAutowireCapableBeanFactory.determineConstructorsFromBeanPostProcessors(AbstractAutowireCapableBeanFactory.java:1291)
	at org.springframework.beans.factory.support.AbstractAutowireCapableBeanFactory.createBeanInstance(AbstractAutowireCapableBeanFactory.java:1186)
	at org.springframework.beans.factory.support.AbstractAutowireCapableBeanFactory.doCreateBean(AbstractAutowireCapableBeanFactory.java:560)
	at org.springframework.beans.factory.support.AbstractAutowireCapableBeanFactory.createBean(AbstractAutowireCapableBeanFactory.java:520)
	at org.springframework.beans.factory.support.AbstractBeanFactory.lambda$doGetBean$0(AbstractBeanFactory.java:326)
	at org.springframework.beans.factory.support.DefaultSingletonBeanRegistry.getSingleton(DefaultSingletonBeanRegistry.java:234)
	at org.springframework.beans.factory.support.AbstractBeanFactory.doGetBean(AbstractBeanFactory.java:324)
	at org.springframework.beans.factory.support.AbstractBeanFactory.getBean(AbstractBeanFactory.java:200)
	at org.springframework.beans.factory.config.DependencyDescriptor.resolveCandidate(DependencyDescriptor.java:254)
	at org.springframework.beans.factory.support.DefaultListableBeanFactory.doResolveDependency(DefaultListableBeanFactory.java:1417)
	at org.springframework.beans.factory.support.DefaultListableBeanFactory.resolveDependency(DefaultListableBeanFactory.java:1337)
	at org.springframework.beans.factory.support.ConstructorResolver.resolveAutowiredArgument(ConstructorResolver.java:888)
	at org.springframework.beans.factory.support.ConstructorResolver.createArgumentArray(ConstructorResolver.java:791)
	... 24 common frames omitted
Caused by: java.lang.NoClassDefFoundError: com/green/board7/fileupload/FileuploadMapper
	at java.base/java.lang.Class.getDeclaredConstructors0(Native Method)
	at java.base/java.lang.Class.privateGetDeclaredConstructors(Class.java:3373)
	at java.base/java.lang.Class.getDeclaredConstructors(Class.java:2555)
	at org.springframework.beans.factory.annotation.AutowiredAnnotationBeanPostProcessor.determineCandidateConstructors(AutowiredAnnotationBeanPostProcessor.java:352)
	... 37 common frames omitted
Caused by: java.lang.ClassNotFoundException: com.green.board7.fileupload.FileuploadMapper
	at java.base/jdk.internal.loader.BuiltinClassLoader.loadClass(BuiltinClassLoader.java:641)
	at java.base/jdk.internal.loader.ClassLoaders$AppClassLoader.loadClass(ClassLoaders.java:188)
	at java.base/java.lang.ClassLoader.loadClass(ClassLoader.java:520)
	at java.base/java.lang.Class.forName0(Native Method)
	at java.base/java.lang.Class.forName(Class.java:467)
	at org.springframework.boot.devtools.restart.classloader.RestartClassLoader.loadClass(RestartClassLoader.java:121)
	at java.base/java.lang.ClassLoader.loadClass(ClassLoader.java:520)
	... 41 common frames omitted
[2023-05-25 11:57:19.237 INFO  restartedMain] [com.green.board7.Board7Application] Starting Board7Application using Java 17.0.7 with PID 3176 (D:\spring\board7\target\classes started by Administrator in D:\spring\board7)
[2023-05-25 11:57:19.237 INFO  restartedMain] [com.green.board7.Board7Application] No active profile set, falling back to 1 default profile: "default"
[2023-05-25 11:57:19.365 INFO  restartedMain] [org.springframework.boot.web.embedded.tomcat.TomcatWebServer] Tomcat initialized with port(s): 8080 (http)
[2023-05-25 11:57:19.365 INFO  restartedMain] [org.apache.coyote.http11.Http11NioProtocol] Initializing ProtocolHandler ["http-nio-8080"]
[2023-05-25 11:57:19.365 INFO  restartedMain] [org.apache.catalina.core.StandardService] Starting service [Tomcat]
[2023-05-25 11:57:19.365 INFO  restartedMain] [org.apache.catalina.core.StandardEngine] Starting Servlet engine: [Apache Tomcat/10.1.8]
[2023-05-25 11:57:19.372 INFO  restartedMain] [org.apache.catalina.core.ContainerBase.[Tomcat-1].[localhost].[/]] Initializing Spring embedded WebApplicationContext
[2023-05-25 11:57:19.372 INFO  restartedMain] [org.springframework.boot.web.servlet.context.ServletWebServerApplicationContext] Root WebApplicationContext: initialization completed in 134 ms
[2023-05-25 11:57:19.474 INFO  restartedMain] [org.springframework.boot.devtools.autoconfigure.OptionalLiveReloadServer] LiveReload server is running on port 35729
[2023-05-25 11:57:19.479 INFO  restartedMain] [org.apache.coyote.http11.Http11NioProtocol] Starting ProtocolHandler ["http-nio-8080"]
[2023-05-25 11:57:19.480 INFO  restartedMain] [org.springframework.boot.web.embedded.tomcat.TomcatWebServer] Tomcat started on port(s): 8080 (http) with context path ''
[2023-05-25 11:57:19.483 INFO  restartedMain] [com.green.board7.Board7Application] Started Board7Application in 0.26 seconds (process running for 394.55)
[2023-05-25 11:57:19.484 INFO  restartedMain] [org.springframework.boot.devtools.autoconfigure.ConditionEvaluationDeltaLoggingListener] Condition evaluation unchanged
[2023-05-25 12:02:37.451 INFO  File Watcher] [org.springframework.boot.devtools.autoconfigure.LocalDevToolsAutoConfiguration$RestartingClassPathChangeChangedEventListener] Restarting due to 1 class path change (0 additions, 0 deletions, 1 modification)
[2023-05-25 12:02:37.455 INFO  Thread-7] [org.apache.coyote.http11.Http11NioProtocol] Pausing ProtocolHandler ["http-nio-8080"]
[2023-05-25 12:02:37.455 INFO  Thread-7] [org.apache.catalina.core.StandardService] Stopping service [Tomcat]
[2023-05-25 12:02:37.456 INFO  Thread-7] [org.apache.coyote.http11.Http11NioProtocol] Stopping ProtocolHandler ["http-nio-8080"]
[2023-05-25 12:02:37.457 INFO  Thread-7] [org.apache.coyote.http11.Http11NioProtocol] Destroying ProtocolHandler ["http-nio-8080"]
[2023-05-25 12:02:37.506 INFO  restartedMain] [com.green.board7.Board7Application] Starting Board7Application using Java 17.0.7 with PID 3176 (D:\spring\board7\target\classes started by Administrator in D:\spring\board7)
[2023-05-25 12:02:37.507 INFO  restartedMain] [com.green.board7.Board7Application] No active profile set, falling back to 1 default profile: "default"
[2023-05-25 12:02:37.634 INFO  restartedMain] [org.springframework.boot.web.embedded.tomcat.TomcatWebServer] Tomcat initialized with port(s): 8080 (http)
[2023-05-25 12:02:37.635 INFO  restartedMain] [org.apache.coyote.http11.Http11NioProtocol] Initializing ProtocolHandler ["http-nio-8080"]
[2023-05-25 12:02:37.635 INFO  restartedMain] [org.apache.catalina.core.StandardService] Starting service [Tomcat]
[2023-05-25 12:02:37.635 INFO  restartedMain] [org.apache.catalina.core.StandardEngine] Starting Servlet engine: [Apache Tomcat/10.1.8]
[2023-05-25 12:02:37.642 INFO  restartedMain] [org.apache.catalina.core.ContainerBase.[Tomcat-1].[localhost].[/]] Initializing Spring embedded WebApplicationContext
[2023-05-25 12:02:37.642 INFO  restartedMain] [org.springframework.boot.web.servlet.context.ServletWebServerApplicationContext] Root WebApplicationContext: initialization completed in 134 ms
[2023-05-25 12:02:37.745 INFO  restartedMain] [org.springframework.boot.devtools.autoconfigure.OptionalLiveReloadServer] LiveReload server is running on port 35729
[2023-05-25 12:02:37.750 INFO  restartedMain] [org.apache.coyote.http11.Http11NioProtocol] Starting ProtocolHandler ["http-nio-8080"]
[2023-05-25 12:02:37.751 INFO  restartedMain] [org.springframework.boot.web.embedded.tomcat.TomcatWebServer] Tomcat started on port(s): 8080 (http) with context path ''
[2023-05-25 12:02:37.754 INFO  restartedMain] [com.green.board7.Board7Application] Started Board7Application in 0.264 seconds (process running for 712.822)
[2023-05-25 12:02:37.755 INFO  restartedMain] [org.springframework.boot.devtools.autoconfigure.ConditionEvaluationDeltaLoggingListener] Condition evaluation unchanged
[2023-05-25 12:06:09.285 INFO  File Watcher] [org.springframework.boot.devtools.autoconfigure.LocalDevToolsAutoConfiguration$RestartingClassPathChangeChangedEventListener] Restarting due to 1 class path change (0 additions, 1 deletion, 0 modifications)
[2023-05-25 12:06:09.289 INFO  Thread-14] [org.apache.coyote.http11.Http11NioProtocol] Pausing ProtocolHandler ["http-nio-8080"]
[2023-05-25 12:06:09.289 INFO  Thread-14] [org.apache.catalina.core.StandardService] Stopping service [Tomcat]
[2023-05-25 12:06:09.290 INFO  Thread-14] [org.apache.coyote.http11.Http11NioProtocol] Stopping ProtocolHandler ["http-nio-8080"]
[2023-05-25 12:06:09.290 INFO  Thread-14] [org.apache.coyote.http11.Http11NioProtocol] Destroying ProtocolHandler ["http-nio-8080"]
[2023-05-25 12:06:09.325 INFO  restartedMain] [com.green.board7.Board7Application] Starting Board7Application using Java 17.0.7 with PID 3176 (D:\spring\board7\target\classes started by Administrator in D:\spring\board7)
[2023-05-25 12:06:09.325 INFO  restartedMain] [com.green.board7.Board7Application] No active profile set, falling back to 1 default profile: "default"
[2023-05-25 12:06:09.484 INFO  restartedMain] [org.springframework.boot.web.embedded.tomcat.TomcatWebServer] Tomcat initialized with port(s): 8080 (http)
[2023-05-25 12:06:09.485 INFO  restartedMain] [org.apache.coyote.http11.Http11NioProtocol] Initializing ProtocolHandler ["http-nio-8080"]
[2023-05-25 12:06:09.485 INFO  restartedMain] [org.apache.catalina.core.StandardService] Starting service [Tomcat]
[2023-05-25 12:06:09.485 INFO  restartedMain] [org.apache.catalina.core.StandardEngine] Starting Servlet engine: [Apache Tomcat/10.1.8]
[2023-05-25 12:06:09.494 INFO  restartedMain] [org.apache.catalina.core.ContainerBase.[Tomcat-1].[localhost].[/]] Initializing Spring embedded WebApplicationContext
[2023-05-25 12:06:09.494 INFO  restartedMain] [org.springframework.boot.web.servlet.context.ServletWebServerApplicationContext] Root WebApplicationContext: initialization completed in 168 ms
[2023-05-25 12:06:09.543 WARN  restartedMain] [org.springframework.boot.web.servlet.context.AnnotationConfigServletWebServerApplicationContext] Exception encountered during context initialization - cancelling refresh attempt: org.springframework.beans.factory.UnsatisfiedDependencyException: Error creating bean with name 'fileuploadController' defined in file [D:\spring\board7\target\classes\com\green\board7\fileupload\FileuploadController.class]: Unsatisfied dependency expressed through constructor parameter 0: No qualifying bean of type 'com.green.board7.fileupload.FileuploadService' available: expected at least 1 bean which qualifies as autowire candidate. Dependency annotations: {}
[2023-05-25 12:06:09.544 INFO  restartedMain] [org.apache.catalina.core.StandardService] Stopping service [Tomcat]
[2023-05-25 12:06:09.547 INFO  restartedMain] [org.springframework.boot.autoconfigure.logging.ConditionEvaluationReportLogger] 

Error starting ApplicationContext. To display the condition evaluation report re-run your application with 'debug' enabled.
[2023-05-25 12:06:09.552 ERROR restartedMain] [org.springframework.boot.diagnostics.LoggingFailureAnalysisReporter] 

***************************
APPLICATION FAILED TO START
***************************

Description:

Parameter 0 of constructor in com.green.board7.fileupload.FileuploadController required a bean of type 'com.green.board7.fileupload.FileuploadService' that could not be found.


Action:

Consider defining a bean of type 'com.green.board7.fileupload.FileuploadService' in your configuration.

[2023-05-25 12:06:10.990 INFO  restartedMain] [com.green.board7.Board7Application] Starting Board7Application using Java 17.0.7 with PID 3176 (D:\spring\board7\target\classes started by Administrator in D:\spring\board7)
[2023-05-25 12:06:10.990 INFO  restartedMain] [com.green.board7.Board7Application] No active profile set, falling back to 1 default profile: "default"
[2023-05-25 12:06:11.112 INFO  restartedMain] [org.springframework.boot.web.embedded.tomcat.TomcatWebServer] Tomcat initialized with port(s): 8080 (http)
[2023-05-25 12:06:11.113 INFO  restartedMain] [org.apache.coyote.http11.Http11NioProtocol] Initializing ProtocolHandler ["http-nio-8080"]
[2023-05-25 12:06:11.113 INFO  restartedMain] [org.apache.catalina.core.StandardService] Starting service [Tomcat]
[2023-05-25 12:06:11.113 INFO  restartedMain] [org.apache.catalina.core.StandardEngine] Starting Servlet engine: [Apache Tomcat/10.1.8]
[2023-05-25 12:06:11.120 INFO  restartedMain] [org.apache.catalina.core.ContainerBase.[Tomcat-2].[localhost].[/]] Initializing Spring embedded WebApplicationContext
[2023-05-25 12:06:11.120 INFO  restartedMain] [org.springframework.boot.web.servlet.context.ServletWebServerApplicationContext] Root WebApplicationContext: initialization completed in 129 ms
[2023-05-25 12:06:11.222 INFO  restartedMain] [org.springframework.boot.devtools.autoconfigure.OptionalLiveReloadServer] LiveReload server is running on port 35729
[2023-05-25 12:06:11.227 INFO  restartedMain] [org.apache.coyote.http11.Http11NioProtocol] Starting ProtocolHandler ["http-nio-8080"]
[2023-05-25 12:06:11.228 INFO  restartedMain] [org.springframework.boot.web.embedded.tomcat.TomcatWebServer] Tomcat started on port(s): 8080 (http) with context path ''
[2023-05-25 12:06:11.231 INFO  restartedMain] [com.green.board7.Board7Application] Started Board7Application in 0.255 seconds (process running for 926.299)
[2023-05-25 12:06:11.232 INFO  restartedMain] [org.springframework.boot.devtools.autoconfigure.ConditionEvaluationDeltaLoggingListener] Condition evaluation unchanged
[2023-05-25 12:08:52.811 INFO  File Watcher] [org.springframework.boot.devtools.autoconfigure.LocalDevToolsAutoConfiguration$RestartingClassPathChangeChangedEventListener] Restarting due to 1 class path change (0 additions, 1 deletion, 0 modifications)
[2023-05-25 12:08:52.815 INFO  Thread-18] [org.apache.coyote.http11.Http11NioProtocol] Pausing ProtocolHandler ["http-nio-8080"]
[2023-05-25 12:08:52.815 INFO  Thread-18] [org.apache.catalina.core.StandardService] Stopping service [Tomcat]
[2023-05-25 12:08:52.816 INFO  Thread-18] [org.apache.coyote.http11.Http11NioProtocol] Stopping ProtocolHandler ["http-nio-8080"]
[2023-05-25 12:08:52.817 INFO  Thread-18] [org.apache.coyote.http11.Http11NioProtocol] Destroying ProtocolHandler ["http-nio-8080"]
[2023-05-25 12:08:52.855 INFO  restartedMain] [com.green.board7.Board7Application] Starting Board7Application using Java 17.0.7 with PID 3176 (D:\spring\board7\target\classes started by Administrator in D:\spring\board7)
[2023-05-25 12:08:52.855 INFO  restartedMain] [com.green.board7.Board7Application] No active profile set, falling back to 1 default profile: "default"
[2023-05-25 12:08:52.992 INFO  restartedMain] [org.springframework.boot.web.embedded.tomcat.TomcatWebServer] Tomcat initialized with port(s): 8080 (http)
[2023-05-25 12:08:52.993 INFO  restartedMain] [org.apache.coyote.http11.Http11NioProtocol] Initializing ProtocolHandler ["http-nio-8080"]
[2023-05-25 12:08:52.993 INFO  restartedMain] [org.apache.catalina.core.StandardService] Starting service [Tomcat]
[2023-05-25 12:08:52.993 INFO  restartedMain] [org.apache.catalina.core.StandardEngine] Starting Servlet engine: [Apache Tomcat/10.1.8]
[2023-05-25 12:08:53.000 INFO  restartedMain] [org.apache.catalina.core.ContainerBase.[Tomcat-2].[localhost].[/]] Initializing Spring embedded WebApplicationContext
[2023-05-25 12:08:53.000 INFO  restartedMain] [org.springframework.boot.web.servlet.context.ServletWebServerApplicationContext] Root WebApplicationContext: initialization completed in 143 ms
[2023-05-25 12:08:53.112 INFO  restartedMain] [org.springframework.boot.devtools.autoconfigure.OptionalLiveReloadServer] LiveReload server is running on port 35729
[2023-05-25 12:08:53.118 INFO  restartedMain] [org.apache.coyote.http11.Http11NioProtocol] Starting ProtocolHandler ["http-nio-8080"]
[2023-05-25 12:08:53.119 INFO  restartedMain] [org.springframework.boot.web.embedded.tomcat.TomcatWebServer] Tomcat started on port(s): 8080 (http) with context path ''
[2023-05-25 12:08:53.122 INFO  restartedMain] [com.green.board7.Board7Application] Started Board7Application in 0.283 seconds (process running for 1088.19)
[2023-05-25 12:08:53.123 INFO  restartedMain] [org.springframework.boot.devtools.autoconfigure.ConditionEvaluationDeltaLoggingListener] Condition evaluation unchanged
[2023-05-25 12:12:00.162 INFO  File Watcher] [org.springframework.boot.devtools.autoconfigure.LocalDevToolsAutoConfiguration$RestartingClassPathChangeChangedEventListener] Restarting due to 1 class path change (1 addition, 0 deletions, 0 modifications)
[2023-05-25 12:12:00.166 INFO  Thread-25] [org.apache.coyote.http11.Http11NioProtocol] Pausing ProtocolHandler ["http-nio-8080"]
[2023-05-25 12:12:00.167 INFO  Thread-25] [org.apache.catalina.core.StandardService] Stopping service [Tomcat]
[2023-05-25 12:12:00.168 INFO  Thread-25] [org.apache.coyote.http11.Http11NioProtocol] Stopping ProtocolHandler ["http-nio-8080"]
[2023-05-25 12:12:00.168 INFO  Thread-25] [org.apache.coyote.http11.Http11NioProtocol] Destroying ProtocolHandler ["http-nio-8080"]
[2023-05-25 12:12:00.213 INFO  restartedMain] [com.green.board7.Board7Application] Starting Board7Application using Java 17.0.7 with PID 3176 (D:\spring\board7\target\classes started by Administrator in D:\spring\board7)
[2023-05-25 12:12:00.213 INFO  restartedMain] [com.green.board7.Board7Application] No active profile set, falling back to 1 default profile: "default"
[2023-05-25 12:12:00.345 INFO  restartedMain] [org.springframework.boot.web.embedded.tomcat.TomcatWebServer] Tomcat initialized with port(s): 8080 (http)
[2023-05-25 12:12:00.345 INFO  restartedMain] [org.apache.coyote.http11.Http11NioProtocol] Initializing ProtocolHandler ["http-nio-8080"]
[2023-05-25 12:12:00.345 INFO  restartedMain] [org.apache.catalina.core.StandardService] Starting service [Tomcat]
[2023-05-25 12:12:00.345 INFO  restartedMain] [org.apache.catalina.core.StandardEngine] Starting Servlet engine: [Apache Tomcat/10.1.8]
[2023-05-25 12:12:00.352 INFO  restartedMain] [org.apache.catalina.core.ContainerBase.[Tomcat-2].[localhost].[/]] Initializing Spring embedded WebApplicationContext
[2023-05-25 12:12:00.352 INFO  restartedMain] [org.springframework.boot.web.servlet.context.ServletWebServerApplicationContext] Root WebApplicationContext: initialization completed in 138 ms
[2023-05-25 12:12:00.451 INFO  restartedMain] [org.springframework.boot.devtools.autoconfigure.OptionalLiveReloadServer] LiveReload server is running on port 35729
[2023-05-25 12:12:00.456 INFO  restartedMain] [org.apache.coyote.http11.Http11NioProtocol] Starting ProtocolHandler ["http-nio-8080"]
[2023-05-25 12:12:00.457 INFO  restartedMain] [org.springframework.boot.web.embedded.tomcat.TomcatWebServer] Tomcat started on port(s): 8080 (http) with context path ''
[2023-05-25 12:12:00.461 INFO  restartedMain] [com.green.board7.Board7Application] Started Board7Application in 0.262 seconds (process running for 1275.528)
[2023-05-25 12:12:00.461 INFO  restartedMain] [org.springframework.boot.devtools.autoconfigure.ConditionEvaluationDeltaLoggingListener] Condition evaluation unchanged
[2023-05-25 12:14:57.176 INFO  File Watcher] [org.springframework.boot.devtools.autoconfigure.LocalDevToolsAutoConfiguration$RestartingClassPathChangeChangedEventListener] Restarting due to 1 class path change (0 additions, 0 deletions, 1 modification)
[2023-05-25 12:14:57.186 INFO  Thread-29] [org.apache.coyote.http11.Http11NioProtocol] Pausing ProtocolHandler ["http-nio-8080"]
[2023-05-25 12:14:57.186 INFO  Thread-29] [org.apache.catalina.core.StandardService] Stopping service [Tomcat]
[2023-05-25 12:14:57.188 INFO  Thread-29] [org.apache.coyote.http11.Http11NioProtocol] Stopping ProtocolHandler ["http-nio-8080"]
[2023-05-25 12:14:57.189 INFO  Thread-29] [org.apache.coyote.http11.Http11NioProtocol] Destroying ProtocolHandler ["http-nio-8080"]
[2023-05-25 12:14:57.235 INFO  restartedMain] [com.green.board7.Board7Application] Starting Board7Application using Java 17.0.7 with PID 3176 (D:\spring\board7\target\classes started by Administrator in D:\spring\board7)
[2023-05-25 12:14:57.235 INFO  restartedMain] [com.green.board7.Board7Application] No active profile set, falling back to 1 default profile: "default"
[2023-05-25 12:14:57.367 INFO  restartedMain] [org.springframework.boot.web.embedded.tomcat.TomcatWebServer] Tomcat initialized with port(s): 8080 (http)
[2023-05-25 12:14:57.368 INFO  restartedMain] [org.apache.coyote.http11.Http11NioProtocol] Initializing ProtocolHandler ["http-nio-8080"]
[2023-05-25 12:14:57.368 INFO  restartedMain] [org.apache.catalina.core.StandardService] Starting service [Tomcat]
[2023-05-25 12:14:57.368 INFO  restartedMain] [org.apache.catalina.core.StandardEngine] Starting Servlet engine: [Apache Tomcat/10.1.8]
[2023-05-25 12:14:57.374 INFO  restartedMain] [org.apache.catalina.core.ContainerBase.[Tomcat-2].[localhost].[/]] Initializing Spring embedded WebApplicationContext
[2023-05-25 12:14:57.374 INFO  restartedMain] [org.springframework.boot.web.servlet.context.ServletWebServerApplicationContext] Root WebApplicationContext: initialization completed in 138 ms
[2023-05-25 12:14:57.480 INFO  restartedMain] [org.springframework.boot.devtools.autoconfigure.OptionalLiveReloadServer] LiveReload server is running on port 35729
[2023-05-25 12:14:57.485 INFO  restartedMain] [org.apache.coyote.http11.Http11NioProtocol] Starting ProtocolHandler ["http-nio-8080"]
[2023-05-25 12:14:57.487 INFO  restartedMain] [org.springframework.boot.web.embedded.tomcat.TomcatWebServer] Tomcat started on port(s): 8080 (http) with context path ''
[2023-05-25 12:14:57.490 INFO  restartedMain] [com.green.board7.Board7Application] Started Board7Application in 0.267 seconds (process running for 1452.557)
[2023-05-25 12:14:57.491 INFO  restartedMain] [org.springframework.boot.devtools.autoconfigure.ConditionEvaluationDeltaLoggingListener] Condition evaluation unchanged
[2023-05-25 12:16:28.317 INFO  background-preinit] [org.hibernate.validator.internal.util.Version] HV000001: Hibernate Validator 8.0.0.Final
[2023-05-25 12:16:28.343 INFO  restartedMain] [com.green.board7.Board7Application] Starting Board7Application using Java 17.0.7 with PID 11820 (D:\spring\board7\target\classes started by Administrator in D:\spring\board7)
[2023-05-25 12:16:28.343 INFO  restartedMain] [com.green.board7.Board7Application] No active profile set, falling back to 1 default profile: "default"
[2023-05-25 12:16:28.372 INFO  restartedMain] [org.springframework.boot.devtools.env.DevToolsPropertyDefaultsPostProcessor] Devtools property defaults active! Set 'spring.devtools.add-properties' to 'false' to disable
[2023-05-25 12:16:28.372 INFO  restartedMain] [org.springframework.boot.devtools.env.DevToolsPropertyDefaultsPostProcessor] For additional web related logging consider setting the 'logging.level.web' property to 'DEBUG'
[2023-05-25 12:16:29.068 INFO  restartedMain] [org.springframework.boot.web.embedded.tomcat.TomcatWebServer] Tomcat initialized with port(s): 8080 (http)
[2023-05-25 12:16:29.074 INFO  restartedMain] [org.apache.coyote.http11.Http11NioProtocol] Initializing ProtocolHandler ["http-nio-8080"]
[2023-05-25 12:16:29.075 INFO  restartedMain] [org.apache.catalina.core.StandardService] Starting service [Tomcat]
[2023-05-25 12:16:29.075 INFO  restartedMain] [org.apache.catalina.core.StandardEngine] Starting Servlet engine: [Apache Tomcat/10.1.8]
[2023-05-25 12:16:29.111 INFO  restartedMain] [org.apache.catalina.core.ContainerBase.[Tomcat].[localhost].[/]] Initializing Spring embedded WebApplicationContext
[2023-05-25 12:16:29.111 INFO  restartedMain] [org.springframework.boot.web.servlet.context.ServletWebServerApplicationContext] Root WebApplicationContext: initialization completed in 739 ms
[2023-05-25 12:16:29.562 INFO  restartedMain] [org.springframework.boot.devtools.autoconfigure.OptionalLiveReloadServer] LiveReload server is running on port 35729
[2023-05-25 12:16:29.573 INFO  restartedMain] [org.apache.coyote.http11.Http11NioProtocol] Starting ProtocolHandler ["http-nio-8080"]
[2023-05-25 12:16:29.585 INFO  restartedMain] [org.springframework.boot.web.embedded.tomcat.TomcatWebServer] Tomcat started on port(s): 8080 (http) with context path ''
[2023-05-25 12:16:29.592 INFO  restartedMain] [com.green.board7.Board7Application] Started Board7Application in 1.589 seconds (process running for 1.942)
[2023-05-25 12:16:49.209 INFO  http-nio-8080-exec-1] [org.apache.catalina.core.ContainerBase.[Tomcat].[localhost].[/]] Initializing Spring DispatcherServlet 'dispatcherServlet'
[2023-05-25 12:16:49.210 INFO  http-nio-8080-exec-1] [org.springframework.web.servlet.DispatcherServlet] Initializing Servlet 'dispatcherServlet'
[2023-05-25 12:16:49.210 INFO  http-nio-8080-exec-1] [org.springframework.web.servlet.DispatcherServlet] Completed initialization in 0 ms
[2023-05-25 12:16:49.250 INFO  http-nio-8080-exec-1] [com.zaxxer.hikari.HikariDataSource] HikariPool-1 - Starting...
[2023-05-25 12:16:49.289 INFO  http-nio-8080-exec-1] [com.zaxxer.hikari.pool.HikariPool] HikariPool-1 - Added connection org.mariadb.jdbc.Connection@177bc6a2
[2023-05-25 12:16:49.290 INFO  http-nio-8080-exec-1] [com.zaxxer.hikari.HikariDataSource] HikariPool-1 - Start completed.
[2023-05-25 12:57:13.639 INFO  File Watcher] [org.springframework.boot.devtools.autoconfigure.LocalDevToolsAutoConfiguration$RestartingClassPathChangeChangedEventListener] Restarting due to 1 class path change (1 addition, 0 deletions, 0 modifications)
[2023-05-25 12:57:13.645 INFO  Thread-5] [org.apache.coyote.http11.Http11NioProtocol] Pausing ProtocolHandler ["http-nio-8080"]
[2023-05-25 12:57:13.645 INFO  Thread-5] [org.apache.catalina.core.StandardService] Stopping service [Tomcat]
[2023-05-25 12:57:13.646 INFO  Thread-5] [org.apache.catalina.core.ContainerBase.[Tomcat].[localhost].[/]] Destroying Spring FrameworkServlet 'dispatcherServlet'
[2023-05-25 12:57:13.647 WARN  Thread-5] [org.apache.catalina.loader.WebappClassLoaderBase] The web application [ROOT] appears to have started a thread named [HikariPool-1 housekeeper] but has failed to stop it. This is very likely to create a memory leak. Stack trace of thread:
 java.base@17.0.7/jdk.internal.misc.Unsafe.park(Native Method)
 java.base@17.0.7/java.util.concurrent.locks.LockSupport.parkNanos(LockSupport.java:252)
 java.base@17.0.7/java.util.concurrent.locks.AbstractQueuedSynchronizer$ConditionObject.awaitNanos(AbstractQueuedSynchronizer.java:1672)
 java.base@17.0.7/java.util.concurrent.ScheduledThreadPoolExecutor$DelayedWorkQueue.take(ScheduledThreadPoolExecutor.java:1182)
 java.base@17.0.7/java.util.concurrent.ScheduledThreadPoolExecutor$DelayedWorkQueue.take(ScheduledThreadPoolExecutor.java:899)
 java.base@17.0.7/java.util.concurrent.ThreadPoolExecutor.getTask(ThreadPoolExecutor.java:1062)
 java.base@17.0.7/java.util.concurrent.ThreadPoolExecutor.runWorker(ThreadPoolExecutor.java:1122)
 java.base@17.0.7/java.util.concurrent.ThreadPoolExecutor$Worker.run(ThreadPoolExecutor.java:635)
 java.base@17.0.7/java.lang.Thread.run(Thread.java:833)
[2023-05-25 12:57:13.648 INFO  Thread-5] [org.apache.coyote.http11.Http11NioProtocol] Stopping ProtocolHandler ["http-nio-8080"]
[2023-05-25 12:57:13.649 INFO  Thread-5] [org.apache.coyote.http11.Http11NioProtocol] Destroying ProtocolHandler ["http-nio-8080"]
[2023-05-25 12:57:13.652 INFO  Thread-5] [com.zaxxer.hikari.HikariDataSource] HikariPool-1 - Shutdown initiated...
[2023-05-25 12:57:13.653 INFO  Thread-5] [com.zaxxer.hikari.HikariDataSource] HikariPool-1 - Shutdown completed.
[2023-05-25 12:57:13.700 INFO  restartedMain] [com.green.board7.Board7Application] Starting Board7Application using Java 17.0.7 with PID 11820 (D:\spring\board7\target\classes started by Administrator in D:\spring\board7)
[2023-05-25 12:57:13.701 INFO  restartedMain] [com.green.board7.Board7Application] No active profile set, falling back to 1 default profile: "default"
[2023-05-25 12:57:13.854 INFO  restartedMain] [org.springframework.boot.web.embedded.tomcat.TomcatWebServer] Tomcat initialized with port(s): 8080 (http)
[2023-05-25 12:57:13.855 INFO  restartedMain] [org.apache.coyote.http11.Http11NioProtocol] Initializing ProtocolHandler ["http-nio-8080"]
[2023-05-25 12:57:13.855 INFO  restartedMain] [org.apache.catalina.core.StandardService] Starting service [Tomcat]
[2023-05-25 12:57:13.855 INFO  restartedMain] [org.apache.catalina.core.StandardEngine] Starting Servlet engine: [Apache Tomcat/10.1.8]
[2023-05-25 12:57:13.863 INFO  restartedMain] [org.apache.catalina.core.ContainerBase.[Tomcat].[localhost].[/]] Initializing Spring embedded WebApplicationContext
[2023-05-25 12:57:13.863 INFO  restartedMain] [org.springframework.boot.web.servlet.context.ServletWebServerApplicationContext] Root WebApplicationContext: initialization completed in 161 ms
[2023-05-25 12:57:14.002 INFO  restartedMain] [org.springframework.boot.devtools.autoconfigure.OptionalLiveReloadServer] LiveReload server is running on port 35729
[2023-05-25 12:57:14.007 INFO  restartedMain] [org.apache.coyote.http11.Http11NioProtocol] Starting ProtocolHandler ["http-nio-8080"]
[2023-05-25 12:57:14.009 INFO  restartedMain] [org.springframework.boot.web.embedded.tomcat.TomcatWebServer] Tomcat started on port(s): 8080 (http) with context path ''
[2023-05-25 12:57:14.012 INFO  restartedMain] [com.green.board7.Board7Application] Started Board7Application in 0.328 seconds (process running for 2446.362)
[2023-05-25 12:57:14.013 INFO  restartedMain] [org.springframework.boot.devtools.autoconfigure.ConditionEvaluationDeltaLoggingListener] Condition evaluation unchanged
[2023-05-25 12:57:24.612 INFO  File Watcher] [org.springframework.boot.devtools.autoconfigure.LocalDevToolsAutoConfiguration$RestartingClassPathChangeChangedEventListener] Restarting due to 1 class path change (0 additions, 1 deletion, 0 modifications)
[2023-05-25 12:57:24.615 INFO  Thread-7] [org.apache.coyote.http11.Http11NioProtocol] Pausing ProtocolHandler ["http-nio-8080"]
[2023-05-25 12:57:24.616 INFO  Thread-7] [org.apache.catalina.core.StandardService] Stopping service [Tomcat]
[2023-05-25 12:57:24.617 INFO  Thread-7] [org.apache.coyote.http11.Http11NioProtocol] Stopping ProtocolHandler ["http-nio-8080"]
[2023-05-25 12:57:24.617 INFO  Thread-7] [org.apache.coyote.http11.Http11NioProtocol] Destroying ProtocolHandler ["http-nio-8080"]
[2023-05-25 12:57:24.674 INFO  restartedMain] [com.green.board7.Board7Application] Starting Board7Application using Java 17.0.7 with PID 11820 (D:\spring\board7\target\classes started by Administrator in D:\spring\board7)
[2023-05-25 12:57:24.674 INFO  restartedMain] [com.green.board7.Board7Application] No active profile set, falling back to 1 default profile: "default"
[2023-05-25 12:57:24.823 INFO  restartedMain] [org.springframework.boot.web.embedded.tomcat.TomcatWebServer] Tomcat initialized with port(s): 8080 (http)
[2023-05-25 12:57:24.823 INFO  restartedMain] [org.apache.coyote.http11.Http11NioProtocol] Initializing ProtocolHandler ["http-nio-8080"]
[2023-05-25 12:57:24.823 INFO  restartedMain] [org.apache.catalina.core.StandardService] Starting service [Tomcat]
[2023-05-25 12:57:24.823 INFO  restartedMain] [org.apache.catalina.core.StandardEngine] Starting Servlet engine: [Apache Tomcat/10.1.8]
[2023-05-25 12:57:24.831 INFO  restartedMain] [org.apache.catalina.core.ContainerBase.[Tomcat].[localhost].[/]] Initializing Spring embedded WebApplicationContext
[2023-05-25 12:57:24.831 INFO  restartedMain] [org.springframework.boot.web.servlet.context.ServletWebServerApplicationContext] Root WebApplicationContext: initialization completed in 155 ms
[2023-05-25 12:57:24.945 INFO  restartedMain] [org.springframework.boot.devtools.autoconfigure.OptionalLiveReloadServer] LiveReload server is running on port 35729
[2023-05-25 12:57:24.950 INFO  restartedMain] [org.apache.coyote.http11.Http11NioProtocol] Starting ProtocolHandler ["http-nio-8080"]
[2023-05-25 12:57:24.951 INFO  restartedMain] [org.springframework.boot.web.embedded.tomcat.TomcatWebServer] Tomcat started on port(s): 8080 (http) with context path ''
[2023-05-25 12:57:24.954 INFO  restartedMain] [com.green.board7.Board7Application] Started Board7Application in 0.302 seconds (process running for 2457.305)
[2023-05-25 12:57:24.955 INFO  restartedMain] [org.springframework.boot.devtools.autoconfigure.ConditionEvaluationDeltaLoggingListener] Condition evaluation unchanged
[2023-05-25 12:57:26.395 INFO  File Watcher] [org.springframework.boot.devtools.autoconfigure.LocalDevToolsAutoConfiguration$RestartingClassPathChangeChangedEventListener] Restarting due to 1 class path change (1 addition, 0 deletions, 0 modifications)
[2023-05-25 12:57:26.399 INFO  Thread-11] [org.apache.coyote.http11.Http11NioProtocol] Pausing ProtocolHandler ["http-nio-8080"]
[2023-05-25 12:57:26.399 INFO  Thread-11] [org.apache.catalina.core.StandardService] Stopping service [Tomcat]
[2023-05-25 12:57:26.399 INFO  Thread-11] [org.apache.coyote.http11.Http11NioProtocol] Stopping ProtocolHandler ["http-nio-8080"]
[2023-05-25 12:57:26.400 INFO  Thread-11] [org.apache.coyote.http11.Http11NioProtocol] Destroying ProtocolHandler ["http-nio-8080"]
[2023-05-25 12:57:26.443 INFO  restartedMain] [com.green.board7.Board7Application] Starting Board7Application using Java 17.0.7 with PID 11820 (D:\spring\board7\target\classes started by Administrator in D:\spring\board7)
[2023-05-25 12:57:26.443 INFO  restartedMain] [com.green.board7.Board7Application] No active profile set, falling back to 1 default profile: "default"
[2023-05-25 12:57:26.570 INFO  restartedMain] [org.springframework.boot.web.embedded.tomcat.TomcatWebServer] Tomcat initialized with port(s): 8080 (http)
[2023-05-25 12:57:26.570 INFO  restartedMain] [org.apache.coyote.http11.Http11NioProtocol] Initializing ProtocolHandler ["http-nio-8080"]
[2023-05-25 12:57:26.570 INFO  restartedMain] [org.apache.catalina.core.StandardService] Starting service [Tomcat]
[2023-05-25 12:57:26.570 INFO  restartedMain] [org.apache.catalina.core.StandardEngine] Starting Servlet engine: [Apache Tomcat/10.1.8]
[2023-05-25 12:57:26.578 INFO  restartedMain] [org.apache.catalina.core.ContainerBase.[Tomcat].[localhost].[/]] Initializing Spring embedded WebApplicationContext
[2023-05-25 12:57:26.578 INFO  restartedMain] [org.springframework.boot.web.servlet.context.ServletWebServerApplicationContext] Root WebApplicationContext: initialization completed in 134 ms
[2023-05-25 12:57:26.690 INFO  restartedMain] [org.springframework.boot.devtools.autoconfigure.OptionalLiveReloadServer] LiveReload server is running on port 35729
[2023-05-25 12:57:26.695 INFO  restartedMain] [org.apache.coyote.http11.Http11NioProtocol] Starting ProtocolHandler ["http-nio-8080"]
[2023-05-25 12:57:26.697 INFO  restartedMain] [org.springframework.boot.web.embedded.tomcat.TomcatWebServer] Tomcat started on port(s): 8080 (http) with context path ''
[2023-05-25 12:57:26.700 INFO  restartedMain] [com.green.board7.Board7Application] Started Board7Application in 0.27 seconds (process running for 2459.051)
[2023-05-25 12:57:26.701 INFO  restartedMain] [org.springframework.boot.devtools.autoconfigure.ConditionEvaluationDeltaLoggingListener] Condition evaluation unchanged
[2023-05-25 12:57:38.685 INFO  File Watcher] [org.springframework.boot.devtools.autoconfigure.LocalDevToolsAutoConfiguration$RestartingClassPathChangeChangedEventListener] Restarting due to 1 class path change (0 additions, 0 deletions, 1 modification)
[2023-05-25 12:57:38.689 INFO  Thread-15] [org.apache.coyote.http11.Http11NioProtocol] Pausing ProtocolHandler ["http-nio-8080"]
[2023-05-25 12:57:38.689 INFO  Thread-15] [org.apache.catalina.core.StandardService] Stopping service [Tomcat]
[2023-05-25 12:57:38.690 INFO  Thread-15] [org.apache.coyote.http11.Http11NioProtocol] Stopping ProtocolHandler ["http-nio-8080"]
[2023-05-25 12:57:38.691 INFO  Thread-15] [org.apache.coyote.http11.Http11NioProtocol] Destroying ProtocolHandler ["http-nio-8080"]
[2023-05-25 12:57:38.727 INFO  restartedMain] [com.green.board7.Board7Application] Starting Board7Application using Java 17.0.7 with PID 11820 (D:\spring\board7\target\classes started by Administrator in D:\spring\board7)
[2023-05-25 12:57:38.727 INFO  restartedMain] [com.green.board7.Board7Application] No active profile set, falling back to 1 default profile: "default"
[2023-05-25 12:57:38.851 INFO  restartedMain] [org.springframework.boot.web.embedded.tomcat.TomcatWebServer] Tomcat initialized with port(s): 8080 (http)
[2023-05-25 12:57:38.851 INFO  restartedMain] [org.apache.coyote.http11.Http11NioProtocol] Initializing ProtocolHandler ["http-nio-8080"]
[2023-05-25 12:57:38.851 INFO  restartedMain] [org.apache.catalina.core.StandardService] Starting service [Tomcat]
[2023-05-25 12:57:38.851 INFO  restartedMain] [org.apache.catalina.core.StandardEngine] Starting Servlet engine: [Apache Tomcat/10.1.8]
[2023-05-25 12:57:38.858 INFO  restartedMain] [org.apache.catalina.core.ContainerBase.[Tomcat].[localhost].[/]] Initializing Spring embedded WebApplicationContext
[2023-05-25 12:57:38.858 INFO  restartedMain] [org.springframework.boot.web.servlet.context.ServletWebServerApplicationContext] Root WebApplicationContext: initialization completed in 130 ms
[2023-05-25 12:57:38.953 INFO  restartedMain] [org.springframework.boot.devtools.autoconfigure.OptionalLiveReloadServer] LiveReload server is running on port 35729
[2023-05-25 12:57:38.958 INFO  restartedMain] [org.apache.coyote.http11.Http11NioProtocol] Starting ProtocolHandler ["http-nio-8080"]
[2023-05-25 12:57:38.959 INFO  restartedMain] [org.springframework.boot.web.embedded.tomcat.TomcatWebServer] Tomcat started on port(s): 8080 (http) with context path ''
[2023-05-25 12:57:38.962 INFO  restartedMain] [com.green.board7.Board7Application] Started Board7Application in 0.249 seconds (process running for 2471.313)
[2023-05-25 12:57:38.963 INFO  restartedMain] [org.springframework.boot.devtools.autoconfigure.ConditionEvaluationDeltaLoggingListener] Condition evaluation unchanged
[2023-05-25 13:01:29.855 INFO  background-preinit] [org.hibernate.validator.internal.util.Version] HV000001: Hibernate Validator 8.0.0.Final
[2023-05-25 13:01:29.884 INFO  restartedMain] [com.green.board7.Board7Application] Starting Board7Application using Java 17.0.7 with PID 7188 (D:\spring\board7\target\classes started by Administrator in D:\spring\board7)
[2023-05-25 13:01:29.884 INFO  restartedMain] [com.green.board7.Board7Application] No active profile set, falling back to 1 default profile: "default"
[2023-05-25 13:01:29.914 INFO  restartedMain] [org.springframework.boot.devtools.env.DevToolsPropertyDefaultsPostProcessor] Devtools property defaults active! Set 'spring.devtools.add-properties' to 'false' to disable
[2023-05-25 13:01:29.914 INFO  restartedMain] [org.springframework.boot.devtools.env.DevToolsPropertyDefaultsPostProcessor] For additional web related logging consider setting the 'logging.level.web' property to 'DEBUG'
[2023-05-25 13:01:30.611 INFO  restartedMain] [org.springframework.boot.web.embedded.tomcat.TomcatWebServer] Tomcat initialized with port(s): 8080 (http)
[2023-05-25 13:01:30.617 INFO  restartedMain] [org.apache.coyote.http11.Http11NioProtocol] Initializing ProtocolHandler ["http-nio-8080"]
[2023-05-25 13:01:30.617 INFO  restartedMain] [org.apache.catalina.core.StandardService] Starting service [Tomcat]
[2023-05-25 13:01:30.617 INFO  restartedMain] [org.apache.catalina.core.StandardEngine] Starting Servlet engine: [Apache Tomcat/10.1.8]
[2023-05-25 13:01:30.653 INFO  restartedMain] [org.apache.catalina.core.ContainerBase.[Tomcat].[localhost].[/]] Initializing Spring embedded WebApplicationContext
[2023-05-25 13:01:30.653 INFO  restartedMain] [org.springframework.boot.web.servlet.context.ServletWebServerApplicationContext] Root WebApplicationContext: initialization completed in 738 ms
[2023-05-25 13:01:31.102 INFO  restartedMain] [org.springframework.boot.devtools.autoconfigure.OptionalLiveReloadServer] LiveReload server is running on port 35729
[2023-05-25 13:01:31.112 INFO  restartedMain] [org.apache.coyote.http11.Http11NioProtocol] Starting ProtocolHandler ["http-nio-8080"]
[2023-05-25 13:01:31.123 INFO  restartedMain] [org.springframework.boot.web.embedded.tomcat.TomcatWebServer] Tomcat started on port(s): 8080 (http) with context path ''
[2023-05-25 13:01:31.130 INFO  restartedMain] [com.green.board7.Board7Application] Started Board7Application in 1.57 seconds (process running for 1.924)
[2023-05-25 13:03:46.102 INFO  http-nio-8080-exec-1] [org.apache.catalina.core.ContainerBase.[Tomcat].[localhost].[/]] Initializing Spring DispatcherServlet 'dispatcherServlet'
[2023-05-25 13:03:46.102 INFO  http-nio-8080-exec-1] [org.springframework.web.servlet.DispatcherServlet] Initializing Servlet 'dispatcherServlet'
[2023-05-25 13:03:46.103 INFO  http-nio-8080-exec-1] [org.springframework.web.servlet.DispatcherServlet] Completed initialization in 1 ms
[2023-05-25 13:05:09.744 WARN  http-nio-8080-exec-2] [org.springframework.web.servlet.PageNotFound] No mapping for GET /fileload
[2023-05-25 13:06:41.023 INFO  background-preinit] [org.hibernate.validator.internal.util.Version] HV000001: Hibernate Validator 8.0.0.Final
[2023-05-25 13:06:41.053 INFO  restartedMain] [com.green.board7.Board7Application] Starting Board7Application using Java 17.0.7 with PID 1132 (D:\spring\board7\target\classes started by Administrator in D:\spring\board7)
[2023-05-25 13:06:41.054 INFO  restartedMain] [com.green.board7.Board7Application] No active profile set, falling back to 1 default profile: "default"
[2023-05-25 13:06:41.081 INFO  restartedMain] [org.springframework.boot.devtools.env.DevToolsPropertyDefaultsPostProcessor] Devtools property defaults active! Set 'spring.devtools.add-properties' to 'false' to disable
[2023-05-25 13:06:41.081 INFO  restartedMain] [org.springframework.boot.devtools.env.DevToolsPropertyDefaultsPostProcessor] For additional web related logging consider setting the 'logging.level.web' property to 'DEBUG'
[2023-05-25 13:06:41.798 INFO  restartedMain] [org.springframework.boot.web.embedded.tomcat.TomcatWebServer] Tomcat initialized with port(s): 8080 (http)
[2023-05-25 13:06:41.804 INFO  restartedMain] [org.apache.coyote.http11.Http11NioProtocol] Initializing ProtocolHandler ["http-nio-8080"]
[2023-05-25 13:06:41.804 INFO  restartedMain] [org.apache.catalina.core.StandardService] Starting service [Tomcat]
[2023-05-25 13:06:41.805 INFO  restartedMain] [org.apache.catalina.core.StandardEngine] Starting Servlet engine: [Apache Tomcat/10.1.8]
[2023-05-25 13:06:41.842 INFO  restartedMain] [org.apache.catalina.core.ContainerBase.[Tomcat].[localhost].[/]] Initializing Spring embedded WebApplicationContext
[2023-05-25 13:06:41.842 INFO  restartedMain] [org.springframework.boot.web.servlet.context.ServletWebServerApplicationContext] Root WebApplicationContext: initialization completed in 761 ms
[2023-05-25 13:06:42.307 INFO  restartedMain] [org.springframework.boot.devtools.autoconfigure.OptionalLiveReloadServer] LiveReload server is running on port 35729
[2023-05-25 13:06:42.318 INFO  restartedMain] [org.apache.coyote.http11.Http11NioProtocol] Starting ProtocolHandler ["http-nio-8080"]
[2023-05-25 13:06:42.330 INFO  restartedMain] [org.springframework.boot.web.embedded.tomcat.TomcatWebServer] Tomcat started on port(s): 8080 (http) with context path ''
[2023-05-25 13:06:42.336 INFO  restartedMain] [com.green.board7.Board7Application] Started Board7Application in 1.621 seconds (process running for 1.984)
[2023-05-25 13:06:46.440 INFO  http-nio-8080-exec-2] [org.apache.catalina.core.ContainerBase.[Tomcat].[localhost].[/]] Initializing Spring DispatcherServlet 'dispatcherServlet'
[2023-05-25 13:06:46.440 INFO  http-nio-8080-exec-2] [org.springframework.web.servlet.DispatcherServlet] Initializing Servlet 'dispatcherServlet'
[2023-05-25 13:06:46.441 INFO  http-nio-8080-exec-2] [org.springframework.web.servlet.DispatcherServlet] Completed initialization in 0 ms
